<?xml version="1.0" encoding="UTF-8"?>
<!-- Generated by org.testng.reporters.JUnitReportReporter -->
<testsuite hostname="VishalNivangune" failures="0" tests="2" name="org.example.Ex15_TestNG.OrangeHRMTest" time="0.591" errors="0" timestamp="2025-06-18T13:39:19 IST" skipped="0">
  <testcase classname="org.example.Ex15_TestNG.OrangeHRMTest" name="testLogo" time="0.394"/>
  <testcase classname="org.example.Ex15_TestNG.OrangeHRMTest" name="testLogin" time="0.197"/>
</testsuite> <!-- org.example.Ex15_TestNG.OrangeHRMTest -->
