<?xml version="1.0" encoding="UTF-8"?>
<!-- Generated by org.testng.reporters.JUnitReportReporter -->
<testsuite hostname="VishalNivangune" failures="0" tests="3" name="org.example.TestNG.Notes" time="0.057" errors="0" timestamp="2025-06-18T13:39:19 IST" skipped="0">
  <testcase classname="org.example.TestNG.Notes" name="openapp" time="0.053"/>
  <testcase classname="org.example.TestNG.Notes" name="login" time="0.002"/>
  <testcase classname="org.example.TestNG.Notes" name="logout" time="0.002"/>
</testsuite> <!-- org.example.TestNG.Notes -->
